


ARM Macro Assembler    Page 1 


    1 00000000         ;/*-----------------------------------------------------
                       ----------------------------------------------------*/
    2 00000000         ;/*                           */
    3 00000000         ;/* Copyright(c) 2009 Nuvoton Technology Corp. All right
                       s reserved.           */
    4 00000000         ;/*                           */
    5 00000000         ;/*-----------------------------------------------------
                       ----------------------------------------------------*/
    6 00000000         
    7 00000000         ;;;;;;;;;;;;;;;;;;;;;;;;;;;;;;;;;;;;;;;;;;;;;;;;;;;
    8 00000000         ;;;;;;;;;;;;;;;;;;;;;;;;;;;;;;;;;;;;;;;;;;;;;;;;;;;
    9 00000000         
   10 00000000         
   11 00000000         
   12 00000000         
   13 00000000         
   14 00000000         
   15 00000000         
   16 00000000 00000300 
                       Stack_Size
                               EQU              0x00000300
   17 00000000         
   18 00000000                 AREA             STACK, NOINIT, READWRITE, ALIGN
=3
   19 00000000         Stack_Mem
                               SPACE            Stack_Size
   20 00000300         __initial_sp
   21 00000300         
   22 00000300         
   23 00000300         ; <h> Heap Configuration
   24 00000300         ; <o>  Heap Size (in Bytes) <0x0-0xFFFFFFFF:8>
   25 00000300         ; </h>
   26 00000300         
   27 00000300 00000100 
                       Heap_Size
                               EQU              0x00000100
   28 00000300         
   29 00000300                 AREA             HEAP, NOINIT, READWRITE, ALIGN=
3
   30 00000000         __heap_base
   31 00000000         Heap_Mem
                               SPACE            Heap_Size
   32 00000100         __heap_limit
   33 00000100         
   34 00000100         
   35 00000100                 PRESERVE8
   36 00000100                 THUMB
   37 00000100         
   38 00000100         
   39 00000100         ; Vector Table Mapped to Address 0 at Reset
   40 00000100                 AREA             RESET, DATA, READONLY
   41 00000000                 EXPORT           __Vectors
   42 00000000         
   43 00000000 00000000 
                       __Vectors
                               DCD              __initial_sp ; Top of Stack
   44 00000004 00000000        DCD              Reset_Handler ; Reset Handler
   45 00000008 00000000        DCD              NMI_Handler ; NMI Handler
   46 0000000C 00000000        DCD              HardFault_Handler ; Hard Fault 



ARM Macro Assembler    Page 2 


                                                            Handler
   47 00000010 00000000        DCD              0           ; Reserved
   48 00000014 00000000        DCD              0           ; Reserved
   49 00000018 00000000        DCD              0           ; Reserved
   50 0000001C 00000000        DCD              0           ; Reserved
   51 00000020 00000000        DCD              0           ; Reserved
   52 00000024 00000000        DCD              0           ; Reserved
   53 00000028 00000000        DCD              0           ; Reserved
   54 0000002C 00000000        DCD              SVC_Handler ; SVCall Handler
   55 00000030 00000000        DCD              0           ; Reserved
   56 00000034 00000000        DCD              0           ; Reserved
   57 00000038 00000000        DCD              PendSV_Handler ; PendSV Handler
                                                            
   58 0000003C 00000000        DCD              SysTick_Handler 
                                                            ; SysTick Handler
   59 00000040         
   60 00000040         ; External Interrupts
   61 00000040         ; maximum of 32 External Interrupts are possible
   62 00000040 00000000        DCD              WDT_IRQHandler
   63 00000044 00000000        DCD              APU_IRQHandler
   64 00000048 00000000        DCD              ADC_IRQHandler
   65 0000004C 00000000        DCD              EXINT_IRQHandler
   66 00000050 00000000        DCD              USB_IRQHandler
   67 00000054 00000000        DCD              TMR0_IRQHandler
   68 00000058 00000000        DCD              TMR1_IRQHandler
   69 0000005C 00000000        DCD              TMR2_IRQHandler
   70 00000060 00000000        DCD              GPAB_IRQHandler
   71 00000064 00000000        DCD              SPI0_IRQHandler
   72 00000068 00000000        DCD              PWM0_IRQHandler
   73 0000006C 00000000        DCD              SPI1_IRQHandler
   74 00000070 00000000        DCD              TMRF_IRQHandler
   75 00000074 00000000        DCD              RTC_IRQHandler
   76 00000078 00000000        DCD              PWRWU_IRQHandler
   77 0000007C         
   78 0000007C         
   79 0000007C         
   80 0000007C                 AREA             |.text|, CODE, READONLY
   81 00000000         
   82 00000000         
   83 00000000         
   84 00000000         ; Reset Handler 
   85 00000000         
   86 00000000                 ENTRY
   87 00000000         
   88 00000000         Reset_Handler
                               PROC
   89 00000000                 EXPORT           Reset_Handler     [WEAK]
   90 00000000                 IMPORT           __main
   91 00000000         
   92 00000000 4806            LDR              R0, =__main
   93 00000002 4700            BX               R0
   94 00000004                 ENDP
   95 00000004         
   96 00000004         
   97 00000004         ; Dummy Exception Handlers (infinite loops which can be 
                       modified)     
   98 00000004         
   99 00000004         NMI_Handler
                               PROC



ARM Macro Assembler    Page 3 


  100 00000004                 EXPORT           NMI_Handler      [WEAK]
  101 00000004 E7FE            B                .
  102 00000006                 ENDP
  104 00000006         HardFault_Handler
                               PROC
  105 00000006                 EXPORT           HardFault_Handler    [WEAK]
  106 00000006 E7FE            B                .
  107 00000008                 ENDP
  108 00000008         SVC_Handler
                               PROC
  109 00000008                 EXPORT           SVC_Handler      [WEAK]
  110 00000008 E7FE            B                .
  111 0000000A                 ENDP
  112 0000000A         PendSV_Handler
                               PROC
  113 0000000A                 EXPORT           PendSV_Handler     [WEAK]
  114 0000000A E7FE            B                .
  115 0000000C                 ENDP
  116 0000000C         SysTick_Handler
                               PROC
  117 0000000C                 EXPORT           SysTick_Handler     [WEAK]
  118 0000000C E7FE            B                .
  119 0000000E                 ENDP
  120 0000000E         
  121 0000000E         Default_Handler
                               PROC
  122 0000000E         
  123 0000000E                 EXPORT           WDT_IRQHandler     [WEAK]
  124 0000000E                 EXPORT           APU_IRQHandler     [WEAK]
  125 0000000E                 EXPORT           ADC_IRQHandler     [WEAK]
  126 0000000E                 EXPORT           EXINT_IRQHandler    [WEAK]
  127 0000000E                 EXPORT           USB_IRQHandler     [WEAK]
  128 0000000E                 EXPORT           TMR0_IRQHandler     [WEAK]
  129 0000000E                 EXPORT           TMR1_IRQHandler     [WEAK]
  130 0000000E                 EXPORT           TMR2_IRQHandler     [WEAK]
  131 0000000E                 EXPORT           GPAB_IRQHandler     [WEAK]
  132 0000000E                 EXPORT           SPI0_IRQHandler     [WEAK]
  133 0000000E                 EXPORT           PWM0_IRQHandler     [WEAK]
  134 0000000E                 EXPORT           SPI1_IRQHandler     [WEAK]
  135 0000000E                 EXPORT           TMRF_IRQHandler     [WEAK]
  136 0000000E                 EXPORT           RTC_IRQHandler            [WEAK
]
  137 0000000E                 EXPORT           PWRWU_IRQHandler          [WEAK
]
  138 0000000E         
  139 0000000E         WDT_IRQHandler
  140 0000000E         APU_IRQHandler
  141 0000000E         ADC_IRQHandler
  142 0000000E         EXINT_IRQHandler
  143 0000000E         USB_IRQHandler
  144 0000000E         TMR0_IRQHandler
  145 0000000E         TMR1_IRQHandler
  146 0000000E         TMR2_IRQHandler
  147 0000000E         GPAB_IRQHandler
  148 0000000E         SPI0_IRQHandler
  149 0000000E         PWM0_IRQHandler
  150 0000000E         SPI1_IRQHandler
  151 0000000E         TMRF_IRQHandler
  152 0000000E         RTC_IRQHandler



ARM Macro Assembler    Page 4 


  153 0000000E         PWRWU_IRQHandler
  154 0000000E E7FE            B                .
  155 00000010                 ENDP
  156 00000010         
  157 00000010         
  158 00000010                 ALIGN
  159 00000010         
  160 00000010         
  161 00000010         ; User Initial Stack & Heap
  162 00000010         
  163 00000010                 IF               :DEF:__MICROLIB
  170 00000010         
  171 00000010                 IMPORT           __use_two_region_memory
  172 00000010                 EXPORT           __user_initial_stackheap
  173 00000010         __user_initial_stackheap
  174 00000010         
  175 00000010 4803            LDR              R0, =  Heap_Mem
  176 00000012 4904            LDR              R1, = (Stack_Mem + Stack_Size)
  177 00000014 4A04            LDR              R2, = (Heap_Mem +  Heap_Size)
  178 00000016 4B05            LDR              R3, = Stack_Mem
  179 00000018 4770            BX               LR
  180 0000001A         
  181 0000001A 00 00           ALIGN
  182 0000001C         
  183 0000001C                 ENDIF
  184 0000001C         
  185 0000001C         
  186 0000001C                 END
              00000000 
              00000000 
              00000300 
              00000100 
              00000000 
Command Line: --debug --xref --diag_suppress=9931 --cpu=Cortex-M0 --apcs=interw
ork --depend=.\f072\debug\startup_n572_keil.d -o.\f072\debug\startup_n572_keil.
o -IC:\Keil_v5\ARM\RV31\INC -IC:\Keil_v5\ARM\CMSIS\Include --predefine="__EVAL 
SETA 1" --predefine="__UVISION_VERSION SETA 523" --predefine="__N572F072__ SETA
 1" --list=.\f072\debug\startup_n572_keil.lst ..\Nuvoton\CMSIS\CM0\startup\arm\
startup_N572_Keil.s



ARM Macro Assembler    Page 1 Alphabetic symbol ordering
Relocatable symbols

STACK 00000000

Symbol: STACK
   Definitions
      At line 18 in file ..\Nuvoton\CMSIS\CM0\startup\arm\startup_N572_Keil.s
   Uses
      None
Comment: STACK unused
Stack_Mem 00000000

Symbol: Stack_Mem
   Definitions
      At line 19 in file ..\Nuvoton\CMSIS\CM0\startup\arm\startup_N572_Keil.s
   Uses
      At line 176 in file ..\Nuvoton\CMSIS\CM0\startup\arm\startup_N572_Keil.s
      At line 178 in file ..\Nuvoton\CMSIS\CM0\startup\arm\startup_N572_Keil.s

__initial_sp 00000300

Symbol: __initial_sp
   Definitions
      At line 20 in file ..\Nuvoton\CMSIS\CM0\startup\arm\startup_N572_Keil.s
   Uses
      At line 43 in file ..\Nuvoton\CMSIS\CM0\startup\arm\startup_N572_Keil.s
Comment: __initial_sp used once
3 symbols



ARM Macro Assembler    Page 1 Alphabetic symbol ordering
Relocatable symbols

HEAP 00000000

Symbol: HEAP
   Definitions
      At line 29 in file ..\Nuvoton\CMSIS\CM0\startup\arm\startup_N572_Keil.s
   Uses
      None
Comment: HEAP unused
Heap_Mem 00000000

Symbol: Heap_Mem
   Definitions
      At line 31 in file ..\Nuvoton\CMSIS\CM0\startup\arm\startup_N572_Keil.s
   Uses
      At line 175 in file ..\Nuvoton\CMSIS\CM0\startup\arm\startup_N572_Keil.s
      At line 177 in file ..\Nuvoton\CMSIS\CM0\startup\arm\startup_N572_Keil.s

__heap_base 00000000

Symbol: __heap_base
   Definitions
      At line 30 in file ..\Nuvoton\CMSIS\CM0\startup\arm\startup_N572_Keil.s
   Uses
      None
Comment: __heap_base unused
__heap_limit 00000100

Symbol: __heap_limit
   Definitions
      At line 32 in file ..\Nuvoton\CMSIS\CM0\startup\arm\startup_N572_Keil.s
   Uses
      None
Comment: __heap_limit unused
4 symbols



ARM Macro Assembler    Page 1 Alphabetic symbol ordering
Relocatable symbols

RESET 00000000

Symbol: RESET
   Definitions
      At line 40 in file ..\Nuvoton\CMSIS\CM0\startup\arm\startup_N572_Keil.s
   Uses
      None
Comment: RESET unused
__Vectors 00000000

Symbol: __Vectors
   Definitions
      At line 43 in file ..\Nuvoton\CMSIS\CM0\startup\arm\startup_N572_Keil.s
   Uses
      At line 41 in file ..\Nuvoton\CMSIS\CM0\startup\arm\startup_N572_Keil.s
Comment: __Vectors used once
2 symbols



ARM Macro Assembler    Page 1 Alphabetic symbol ordering
Relocatable symbols

.text 00000000

Symbol: .text
   Definitions
      At line 80 in file ..\Nuvoton\CMSIS\CM0\startup\arm\startup_N572_Keil.s
   Uses
      None
Comment: .text unused
ADC_IRQHandler 0000000E

Symbol: ADC_IRQHandler
   Definitions
      At line 141 in file ..\Nuvoton\CMSIS\CM0\startup\arm\startup_N572_Keil.s
   Uses
      At line 64 in file ..\Nuvoton\CMSIS\CM0\startup\arm\startup_N572_Keil.s
      At line 125 in file ..\Nuvoton\CMSIS\CM0\startup\arm\startup_N572_Keil.s

APU_IRQHandler 0000000E

Symbol: APU_IRQHandler
   Definitions
      At line 140 in file ..\Nuvoton\CMSIS\CM0\startup\arm\startup_N572_Keil.s
   Uses
      At line 63 in file ..\Nuvoton\CMSIS\CM0\startup\arm\startup_N572_Keil.s
      At line 124 in file ..\Nuvoton\CMSIS\CM0\startup\arm\startup_N572_Keil.s

Default_Handler 0000000E

Symbol: Default_Handler
   Definitions
      At line 121 in file ..\Nuvoton\CMSIS\CM0\startup\arm\startup_N572_Keil.s
   Uses
      None
Comment: Default_Handler unused
EXINT_IRQHandler 0000000E

Symbol: EXINT_IRQHandler
   Definitions
      At line 142 in file ..\Nuvoton\CMSIS\CM0\startup\arm\startup_N572_Keil.s
   Uses
      At line 65 in file ..\Nuvoton\CMSIS\CM0\startup\arm\startup_N572_Keil.s
      At line 126 in file ..\Nuvoton\CMSIS\CM0\startup\arm\startup_N572_Keil.s

GPAB_IRQHandler 0000000E

Symbol: GPAB_IRQHandler
   Definitions
      At line 147 in file ..\Nuvoton\CMSIS\CM0\startup\arm\startup_N572_Keil.s
   Uses
      At line 70 in file ..\Nuvoton\CMSIS\CM0\startup\arm\startup_N572_Keil.s
      At line 131 in file ..\Nuvoton\CMSIS\CM0\startup\arm\startup_N572_Keil.s

HardFault_Handler 00000006

Symbol: HardFault_Handler
   Definitions
      At line 104 in file ..\Nuvoton\CMSIS\CM0\startup\arm\startup_N572_Keil.s
   Uses
      At line 46 in file ..\Nuvoton\CMSIS\CM0\startup\arm\startup_N572_Keil.s



ARM Macro Assembler    Page 2 Alphabetic symbol ordering
Relocatable symbols

      At line 105 in file ..\Nuvoton\CMSIS\CM0\startup\arm\startup_N572_Keil.s

NMI_Handler 00000004

Symbol: NMI_Handler
   Definitions
      At line 99 in file ..\Nuvoton\CMSIS\CM0\startup\arm\startup_N572_Keil.s
   Uses
      At line 45 in file ..\Nuvoton\CMSIS\CM0\startup\arm\startup_N572_Keil.s
      At line 100 in file ..\Nuvoton\CMSIS\CM0\startup\arm\startup_N572_Keil.s

PWM0_IRQHandler 0000000E

Symbol: PWM0_IRQHandler
   Definitions
      At line 149 in file ..\Nuvoton\CMSIS\CM0\startup\arm\startup_N572_Keil.s
   Uses
      At line 72 in file ..\Nuvoton\CMSIS\CM0\startup\arm\startup_N572_Keil.s
      At line 133 in file ..\Nuvoton\CMSIS\CM0\startup\arm\startup_N572_Keil.s

PWRWU_IRQHandler 0000000E

Symbol: PWRWU_IRQHandler
   Definitions
      At line 153 in file ..\Nuvoton\CMSIS\CM0\startup\arm\startup_N572_Keil.s
   Uses
      At line 76 in file ..\Nuvoton\CMSIS\CM0\startup\arm\startup_N572_Keil.s
      At line 137 in file ..\Nuvoton\CMSIS\CM0\startup\arm\startup_N572_Keil.s

PendSV_Handler 0000000A

Symbol: PendSV_Handler
   Definitions
      At line 112 in file ..\Nuvoton\CMSIS\CM0\startup\arm\startup_N572_Keil.s
   Uses
      At line 57 in file ..\Nuvoton\CMSIS\CM0\startup\arm\startup_N572_Keil.s
      At line 113 in file ..\Nuvoton\CMSIS\CM0\startup\arm\startup_N572_Keil.s

RTC_IRQHandler 0000000E

Symbol: RTC_IRQHandler
   Definitions
      At line 152 in file ..\Nuvoton\CMSIS\CM0\startup\arm\startup_N572_Keil.s
   Uses
      At line 75 in file ..\Nuvoton\CMSIS\CM0\startup\arm\startup_N572_Keil.s
      At line 136 in file ..\Nuvoton\CMSIS\CM0\startup\arm\startup_N572_Keil.s

Reset_Handler 00000000

Symbol: Reset_Handler
   Definitions
      At line 88 in file ..\Nuvoton\CMSIS\CM0\startup\arm\startup_N572_Keil.s
   Uses
      At line 44 in file ..\Nuvoton\CMSIS\CM0\startup\arm\startup_N572_Keil.s
      At line 89 in file ..\Nuvoton\CMSIS\CM0\startup\arm\startup_N572_Keil.s

SPI0_IRQHandler 0000000E

Symbol: SPI0_IRQHandler



ARM Macro Assembler    Page 3 Alphabetic symbol ordering
Relocatable symbols

   Definitions
      At line 148 in file ..\Nuvoton\CMSIS\CM0\startup\arm\startup_N572_Keil.s
   Uses
      At line 71 in file ..\Nuvoton\CMSIS\CM0\startup\arm\startup_N572_Keil.s
      At line 132 in file ..\Nuvoton\CMSIS\CM0\startup\arm\startup_N572_Keil.s

SPI1_IRQHandler 0000000E

Symbol: SPI1_IRQHandler
   Definitions
      At line 150 in file ..\Nuvoton\CMSIS\CM0\startup\arm\startup_N572_Keil.s
   Uses
      At line 73 in file ..\Nuvoton\CMSIS\CM0\startup\arm\startup_N572_Keil.s
      At line 134 in file ..\Nuvoton\CMSIS\CM0\startup\arm\startup_N572_Keil.s

SVC_Handler 00000008

Symbol: SVC_Handler
   Definitions
      At line 108 in file ..\Nuvoton\CMSIS\CM0\startup\arm\startup_N572_Keil.s
   Uses
      At line 54 in file ..\Nuvoton\CMSIS\CM0\startup\arm\startup_N572_Keil.s
      At line 109 in file ..\Nuvoton\CMSIS\CM0\startup\arm\startup_N572_Keil.s

SysTick_Handler 0000000C

Symbol: SysTick_Handler
   Definitions
      At line 116 in file ..\Nuvoton\CMSIS\CM0\startup\arm\startup_N572_Keil.s
   Uses
      At line 58 in file ..\Nuvoton\CMSIS\CM0\startup\arm\startup_N572_Keil.s
      At line 117 in file ..\Nuvoton\CMSIS\CM0\startup\arm\startup_N572_Keil.s

TMR0_IRQHandler 0000000E

Symbol: TMR0_IRQHandler
   Definitions
      At line 144 in file ..\Nuvoton\CMSIS\CM0\startup\arm\startup_N572_Keil.s
   Uses
      At line 67 in file ..\Nuvoton\CMSIS\CM0\startup\arm\startup_N572_Keil.s
      At line 128 in file ..\Nuvoton\CMSIS\CM0\startup\arm\startup_N572_Keil.s

TMR1_IRQHandler 0000000E

Symbol: TMR1_IRQHandler
   Definitions
      At line 145 in file ..\Nuvoton\CMSIS\CM0\startup\arm\startup_N572_Keil.s
   Uses
      At line 68 in file ..\Nuvoton\CMSIS\CM0\startup\arm\startup_N572_Keil.s
      At line 129 in file ..\Nuvoton\CMSIS\CM0\startup\arm\startup_N572_Keil.s

TMR2_IRQHandler 0000000E

Symbol: TMR2_IRQHandler
   Definitions
      At line 146 in file ..\Nuvoton\CMSIS\CM0\startup\arm\startup_N572_Keil.s
   Uses
      At line 69 in file ..\Nuvoton\CMSIS\CM0\startup\arm\startup_N572_Keil.s
      At line 130 in file ..\Nuvoton\CMSIS\CM0\startup\arm\startup_N572_Keil.s



ARM Macro Assembler    Page 4 Alphabetic symbol ordering
Relocatable symbols


TMRF_IRQHandler 0000000E

Symbol: TMRF_IRQHandler
   Definitions
      At line 151 in file ..\Nuvoton\CMSIS\CM0\startup\arm\startup_N572_Keil.s
   Uses
      At line 74 in file ..\Nuvoton\CMSIS\CM0\startup\arm\startup_N572_Keil.s
      At line 135 in file ..\Nuvoton\CMSIS\CM0\startup\arm\startup_N572_Keil.s

USB_IRQHandler 0000000E

Symbol: USB_IRQHandler
   Definitions
      At line 143 in file ..\Nuvoton\CMSIS\CM0\startup\arm\startup_N572_Keil.s
   Uses
      At line 66 in file ..\Nuvoton\CMSIS\CM0\startup\arm\startup_N572_Keil.s
      At line 127 in file ..\Nuvoton\CMSIS\CM0\startup\arm\startup_N572_Keil.s

WDT_IRQHandler 0000000E

Symbol: WDT_IRQHandler
   Definitions
      At line 139 in file ..\Nuvoton\CMSIS\CM0\startup\arm\startup_N572_Keil.s
   Uses
      At line 62 in file ..\Nuvoton\CMSIS\CM0\startup\arm\startup_N572_Keil.s
      At line 123 in file ..\Nuvoton\CMSIS\CM0\startup\arm\startup_N572_Keil.s

__user_initial_stackheap 00000010

Symbol: __user_initial_stackheap
   Definitions
      At line 173 in file ..\Nuvoton\CMSIS\CM0\startup\arm\startup_N572_Keil.s
   Uses
      At line 172 in file ..\Nuvoton\CMSIS\CM0\startup\arm\startup_N572_Keil.s
Comment: __user_initial_stackheap used once
24 symbols



ARM Macro Assembler    Page 1 Alphabetic symbol ordering
Absolute symbols

Heap_Size 00000100

Symbol: Heap_Size
   Definitions
      At line 27 in file ..\Nuvoton\CMSIS\CM0\startup\arm\startup_N572_Keil.s
   Uses
      At line 31 in file ..\Nuvoton\CMSIS\CM0\startup\arm\startup_N572_Keil.s
      At line 177 in file ..\Nuvoton\CMSIS\CM0\startup\arm\startup_N572_Keil.s

Stack_Size 00000300

Symbol: Stack_Size
   Definitions
      At line 16 in file ..\Nuvoton\CMSIS\CM0\startup\arm\startup_N572_Keil.s
   Uses
      At line 19 in file ..\Nuvoton\CMSIS\CM0\startup\arm\startup_N572_Keil.s
      At line 176 in file ..\Nuvoton\CMSIS\CM0\startup\arm\startup_N572_Keil.s

2 symbols



ARM Macro Assembler    Page 1 Alphabetic symbol ordering
External symbols

__main 00000000

Symbol: __main
   Definitions
      At line 90 in file ..\Nuvoton\CMSIS\CM0\startup\arm\startup_N572_Keil.s
   Uses
      At line 92 in file ..\Nuvoton\CMSIS\CM0\startup\arm\startup_N572_Keil.s
Comment: __main used once
__use_two_region_memory 00000000

Symbol: __use_two_region_memory
   Definitions
      At line 171 in file ..\Nuvoton\CMSIS\CM0\startup\arm\startup_N572_Keil.s
   Uses
      None
Comment: __use_two_region_memory unused
2 symbols
374 symbols in table
